<?xml version="1.0" encoding="UTF-8"?>
<!-- Generated by org.testng.reporters.JUnitReportReporter -->
<testsuite hostname="TYSS-ELF-Manjunath" name="com.vTigerCRM.testScripts.CreateProductTest" tests="2" failures="0" timestamp="29 Apr 2020 07:15:01 GMT" time="13.113" errors="0">
  <testcase name="random" time="4.228" classname="com.vTigerCRM.testScripts.CreateProductTest"/>
  <testcase name="createProduct" time="8.885" classname="com.vTigerCRM.testScripts.CreateProductTest"/>
</testsuite> <!-- com.vTigerCRM.testScripts.CreateProductTest -->
